Application     C:\CropsCostOfProduction2020\Menu\COPMenu.ent
Type            ENTRY
Input Data      <<Empty>>
External        STAFF_DICT=<<Text File>> C:\CropsCostOfProduction2020\Menu\staff.dat
External        ASSIST_SUPERVISOR_REVIEW_DICT=<<Text File>> C:\CropsCostOfProduction2020\Menu\dummy.dat
External        CROPSCOSTOFPRODUCTION_DICT=<<Text File>> C:\CropsCostOfProduction2020\Menu\dummy1.dat
<File>          TMPFILE=
<File>          PFFFILE=
<File>          SR_PFFFILE=

Date            Oct 14, 2019
Start Time      05:23:32
End Time        05:23:36

CSPRO Process Summary

CSPRO Executor Normal End
--------------------------------------------------------------------------------
Application     C:\CropsCostOfProduction2020\Menu\COPMenu.ent
Type            ENTRY
Input Data      <<Empty>>
External        STAFF_DICT=<<Text File>> C:\CropsCostOfProduction2020\Menu\staff.dat
External        ASSIST_SUPERVISOR_REVIEW_DICT=<<Text File>> C:\CropsCostOfProduction2020\Menu\dummy.dat
External        CROPSCOSTOFPRODUCTION_DICT=<<Text File>> C:\CropsCostOfProduction2020\Menu\dummy1.dat
<File>          TMPFILE=
<File>          PFFFILE=
<File>          SR_PFFFILE=

Date            Oct 14, 2019
Start Time      05:30:08
End Time        05:30:12

CSPRO Process Summary

CSPRO Executor Normal End
--------------------------------------------------------------------------------
Application     C:\CropsCostOfProduction2020\Menu\COPMenu.ent
Type            ENTRY
Input Data      <<Empty>>
External        STAFF_DICT=<<Text File>> C:\CropsCostOfProduction2020\Menu\staff.dat
External        ASSIST_SUPERVISOR_REVIEW_DICT=<<Text File>> C:\CropsCostOfProduction2020\Menu\dummy.dat
External        CROPSCOSTOFPRODUCTION_DICT=<<Text File>> C:\CropsCostOfProduction2020\Menu\dummy1.dat
<File>          TMPFILE=
<File>          PFFFILE=
<File>          SR_PFFFILE=

Date            Oct 14, 2019
Start Time      05:33:52
End Time        05:33:57

CSPRO Process Summary

CSPRO Executor Normal End
--------------------------------------------------------------------------------
Application     C:\CropsCostOfProduction2020\Menu\COPMenu.ent
Type            ENTRY
Input Data      <<Empty>>
External        STAFF_DICT=<<Text File>> C:\CropsCostOfProduction2020\Menu\staff.dat
External        ASSIST_SUPERVISOR_REVIEW_DICT=<<Empty>>
External        CROPSCOSTOFPRODUCTION_DICT=<<Text File>> C:\CropsCostOfProduction2020\Menu\dummy1.dat
<File>          TMPFILE=
<File>          PFFFILE=
<File>          SR_PFFFILE=

Date            Oct 14, 2019
Start Time      05:42:18
End Time        05:42:21

CSPRO Process Summary

CSPRO Executor Normal End
--------------------------------------------------------------------------------
Application     C:\CropsCostOfProduction2020\Menu\COPMenu.ent
Type            ENTRY
Input Data      <<Empty>>
External        STAFF_DICT=<<Text File>> C:\CropsCostOfProduction2020\Menu\staff.dat
External        ASSIST_SUPERVISOR_REVIEW_DICT=<<Empty>>
External        CROPSCOSTOFPRODUCTION_DICT=<<Text File>> C:\CropsCostOfProduction2020\Menu\dummy1.dat
<File>          TMPFILE=
<File>          PFFFILE=
<File>          SR_PFFFILE=

Date            Oct 14, 2019
Start Time      13:20:04
End Time        13:20:06

CSPRO Process Summary

CSPRO Executor Normal End
--------------------------------------------------------------------------------
Application     C:\CropsCostOfProduction2020\Menu\COPMenu.ent
Type            ENTRY
Input Data      <<Empty>>
External        STAFF_DICT=<<Text File>> C:\CropsCostOfProduction2020\Menu\staff.dat
External        ASSIST_SUPERVISOR_REVIEW_DICT=<<Empty>>
External        CROPSCOSTOFPRODUCTION_DICT=<<Text File>> C:\CropsCostOfProduction2020\Menu\dummy1.dat
<File>          TMPFILE=
<File>          PFFFILE=
<File>          SR_PFFFILE=

Date            Oct 16, 2019
Start Time      10:45:04
End Time        10:45:16

CSPRO Process Summary

CSPRO Executor Normal End
--------------------------------------------------------------------------------
Application     C:\CropsCostOfProduction2020\Menu\COPMenu.ent
Type            ENTRY
Input Data      <<Empty>>
External        STAFF_DICT=<<Text File>> C:\CropsCostOfProduction2020\Menu\staff.dat
External        ASSIST_SUPERVISOR_REVIEW_DICT=<<Empty>>
External        CROPSCOSTOFPRODUCTION_DICT=<<Text File>> C:\CropsCostOfProduction2020\Menu\dummy1.dat
<File>          TMPFILE=
<File>          PFFFILE=
<File>          SR_PFFFILE=

Date            Oct 16, 2019
Start Time      21:24:41
End Time        21:24:43

CSPRO Process Summary

CSPRO Executor Normal End
--------------------------------------------------------------------------------
Application     C:\CropsCostOfProduction2020\Menu\COPMenu.ent
Type            ENTRY
Input Data      <<Empty>>
External        STAFF_DICT=<<Text File>> C:\CropsCostOfProduction2020\Menu\staff.dat
External        ASSIST_SUPERVISOR_REVIEW_DICT=<<Empty>>
External        CROPSCOSTOFPRODUCTION_DICT=<<Text File>> C:\CropsCostOfProduction2020\Menu\dummy1.dat
<File>          TMPFILE=
<File>          PFFFILE=
<File>          SR_PFFFILE=

Date            Oct 16, 2019
Start Time      21:37:10
End Time        21:37:12

CSPRO Process Summary

CSPRO Executor Normal End
--------------------------------------------------------------------------------
Application     C:\CropsCostOfProduction2020\Menu\COPMenu.ent
Type            ENTRY
Input Data      <<Empty>>
External        STAFF_DICT=<<Text File>> C:\CropsCostOfProduction2020\Menu\staff.dat
External        ASSIST_SUPERVISOR_REVIEW_DICT=<<Empty>>
External        CROPSCOSTOFPRODUCTION_DICT=<<Text File>> C:\CropsCostOfProduction2020\Menu\dummy1.dat
<File>          TMPFILE=
<File>          PFFFILE=
<File>          SR_PFFFILE=

Date            Oct 16, 2019
Start Time      22:10:18
End Time        22:10:20

CSPRO Process Summary

CSPRO Executor Normal End
--------------------------------------------------------------------------------
Application     C:\CropsCostOfProduction2020\Menu\COPMenu.ent
Type            ENTRY
Input Data      <<Empty>>
External        STAFF_DICT=<<Text File>> C:\CropsCostOfProduction2020\Menu\staff.dat
External        ASSIST_SUPERVISOR_REVIEW_DICT=<<Empty>>
External        CROPSCOSTOFPRODUCTION_DICT=<<Text File>> C:\CropsCostOfProduction2020\Menu\dummy1.dat
<File>          TMPFILE=
<File>          PFFFILE=
<File>          SR_PFFFILE=

Date            Oct 16, 2019
Start Time      22:19:07
End Time        22:19:09

CSPRO Process Summary

CSPRO Executor Normal End
--------------------------------------------------------------------------------
Application     C:\CropsCostOfProduction2020\Menu\COPMenu.ent
Type            ENTRY
Input Data      <<Empty>>
External        STAFF_DICT=<<Text File>> C:\CropsCostOfProduction2020\Menu\staff.dat
External        ASSIST_SUPERVISOR_REVIEW_DICT=<<Empty>>
External        CROPSCOSTOFPRODUCTION_DICT=<<Text File>> C:\CropsCostOfProduction2020\Menu\dummy1.dat
<File>          TMPFILE=
<File>          PFFFILE=
<File>          SR_PFFFILE=

Date            Oct 16, 2019
Start Time      22:23:26
End Time        22:23:39

CSPRO Process Summary

CSPRO Executor Normal End
--------------------------------------------------------------------------------
Application     C:\Users\Rankhelepe\Documents\GitHub\LSCOP\Menu\COPMenu.ent
Type            ENTRY
Input Data      <<Empty>>
External        STAFF_DICT=<<Text File>> C:\Users\Rankhelepe\Documents\GitHub\LSCOP\Menu\staff.dat
External        COP_DICT_DICT=<<Empty>>
<File>          TMPFILE=
<File>          PFFFILE=
<File>          SR_PFFFILE=

Date            Oct 17, 2019
Start Time      01:06:59
End Time        01:07:02

CSPRO Process Summary

CSPRO Executor Normal End
--------------------------------------------------------------------------------
Application     C:\Users\Rankhelepe\Documents\GitHub\LSCOP\Menu\COPMenu.ent
Type            ENTRY
Input Data      <<Empty>>
External        STAFF_DICT=<<Text File>> C:\Users\Rankhelepe\Documents\GitHub\LSCOP\Menu\staff.dat
External        COP_DICT_DICT=<<Empty>>
<File>          TMPFILE=
<File>          PFFFILE=
<File>          SR_PFFFILE=

Date            Oct 17, 2019
Start Time      01:07:55
End Time        01:07:57

CSPRO Process Summary

CSPRO Executor Normal End
--------------------------------------------------------------------------------
Application     C:\Users\Rankhelepe\Documents\GitHub\LSCOP\Menu\COPMenu.ent
Type            ENTRY
Input Data      <<Empty>>
External        STAFF_DICT=<<Text File>> C:\Users\Rankhelepe\Documents\GitHub\LSCOP\Menu\staff.dat
External        COP_DICT_DICT=<<Empty>>
<File>          TMPFILE=
<File>          PFFFILE=
<File>          SR_PFFFILE=

Date            Oct 17, 2019
Start Time      01:08:18
End Time        01:08:20

CSPRO Process Summary

CSPRO Executor Normal End
--------------------------------------------------------------------------------
Application     C:\Users\Rankhelepe\Documents\GitHub\LSCOP\Menu\COPMenu.ent
Type            ENTRY
Input Data      <<Empty>>
External        STAFF_DICT=<<Text File>> C:\Users\Rankhelepe\Documents\GitHub\LSCOP\Menu\staff.dat
External        COP_DICT_DICT=<<Empty>>
<File>          TMPFILE=
<File>          PFFFILE=
<File>          SR_PFFFILE=

Date            Oct 17, 2019
Start Time      01:10:39
End Time        01:10:41

CSPRO Process Summary

CSPRO Executor Normal End
--------------------------------------------------------------------------------
Application     C:\Users\Rankhelepe\Documents\GitHub\LSCOP\Menu\COPMenu.ent
Type            ENTRY
Input Data      <<Empty>>
External        STAFF_DICT=<<Text File>> C:\Users\Rankhelepe\Documents\GitHub\LSCOP\Menu\staff.dat
External        COP_DICT_DICT=<<Empty>>
<File>          TMPFILE=
<File>          PFFFILE=
<File>          SR_PFFFILE=

Date            Oct 17, 2019
Start Time      01:13:50
End Time        01:13:53

CSPRO Process Summary

CSPRO Executor Normal End
--------------------------------------------------------------------------------
Application     C:\Users\Rankhelepe\Documents\GitHub\LSCOP\Menu\COPMenu.ent
Type            ENTRY
Input Data      <<Empty>>
External        STAFF_DICT=<<Text File>> C:\Users\Rankhelepe\Documents\GitHub\LSCOP\Menu\staff.dat
External        COP_DICT_DICT=<<Empty>>
<File>          TMPFILE=
<File>          PFFFILE=
<File>          SR_PFFFILE=

Date            Oct 17, 2019
Start Time      12:22:37
End Time        12:22:46

CSPRO Process Summary

CSPRO Executor Normal End
--------------------------------------------------------------------------------
Application     H:\SECULAR WORK\CSPro\LSCOP\Menu\COPMenu.ent
Type            ENTRY
Input Data      <<Empty>>
External        STAFF_DICT=<<Text File>> H:\SECULAR WORK\CSPro\LSCOP\Menu\staff.dat
External        COP_DICT_DICT=<<Empty>>
<File>          TMPFILE=
<File>          PFFFILE=
<File>          SR_PFFFILE=

Date            Oct 26, 2019
Start Time      10:24:56
End Time        10:25:10

CSPRO Process Summary

CSPRO Executor Normal End
--------------------------------------------------------------------------------
Application     H:\SECULAR WORK\CSPro\LSCOP\Menu\COPMenu.ent
Type            ENTRY
Input Data      <<Empty>>
External        STAFF_DICT=<<Text File>> H:\SECULAR WORK\CSPro\LSCOP\Menu\staff.dat
External        COP_DICT_DICT=<<Empty>>
<File>          TMPFILE=
<File>          PFFFILE=
<File>          SR_PFFFILE=

Date            Oct 26, 2019
Start Time      10:26:40
End Time        10:26:48

CSPRO Process Summary

CSPRO Executor Normal End
--------------------------------------------------------------------------------
Application     H:\SECULAR WORK\CSPro\LSCOP\Menu\COPMenu.ent
Type            ENTRY
Input Data      <<Empty>>
External        STAFF_DICT=<<Text File>> H:\SECULAR WORK\CSPro\LSCOP\Menu\staff.dat
External        COP_DICT_DICT=<<Empty>>
<File>          TMPFILE=
<File>          PFFFILE=
<File>          SR_PFFFILE=

Date            Oct 26, 2019
Start Time      10:28:53
End Time        10:28:58

CSPRO Process Summary

CSPRO Executor Normal End
--------------------------------------------------------------------------------
Application     H:\SECULAR WORK\CSPro\LSCOP\Menu\COPMenu.ent
Type            ENTRY
Input Data      <<Empty>>
External        STAFF_DICT=<<Text File>> H:\SECULAR WORK\CSPro\LSCOP\Menu\staff.dat
External        COP_DICT_DICT=<<Empty>>
<File>          TMPFILE=
<File>          PFFFILE=
<File>          SR_PFFFILE=

Date            Oct 26, 2019
Start Time      10:30:43
End Time        10:30:56

CSPRO Process Summary

CSPRO Executor Normal End
--------------------------------------------------------------------------------
Application     H:\SECULAR WORK\CSPro\LSCOP\Menu\COPMenu.ent
Type            ENTRY
Input Data      <<Empty>>
External        STAFF_DICT=<<Text File>> H:\SECULAR WORK\CSPro\LSCOP\Menu\staff.dat
External        COP_DICT_DICT=<<Empty>>
<File>          TMPFILE=
<File>          PFFFILE=
<File>          SR_PFFFILE=

Date            Oct 30, 2019
Start Time      21:43:31
End Time        21:43:35

CSPRO Process Summary

CSPRO Executor Normal End
--------------------------------------------------------------------------------
Application     H:\SECULAR WORK\CSPro\LSCOP\Menu\COPMenu.ent
Type            ENTRY
Input Data      <<Empty>>
External        STAFF_DICT=<<Text File>> H:\SECULAR WORK\CSPro\LSCOP\Menu\staff.dat
External        COP_DICT_DICT=<<Empty>>
<File>          TMPFILE=
<File>          PFFFILE=
<File>          SR_PFFFILE=

Date            Oct 30, 2019
Start Time      21:48:09
End Time        21:48:12

CSPRO Process Summary

CSPRO Executor Normal End
--------------------------------------------------------------------------------
Application     H:\SECULAR WORK\CSPro\LSCOP\Menu\COPMenu.ent
Type            ENTRY
Input Data      <<Empty>>
External        STAFF_DICT=<<Text File>> H:\SECULAR WORK\CSPro\LSCOP\Menu\staff.dat
External        COP_DICT_DICT=<<Empty>>
<File>          TMPFILE=
<File>          PFFFILE=
<File>          SR_PFFFILE=

Date            Oct 30, 2019
Start Time      21:54:12
End Time        21:54:14

CSPRO Process Summary

CSPRO Executor Normal End
--------------------------------------------------------------------------------
Application     H:\SECULAR WORK\CSPro\LSCOP\Menu\COPMenu.ent
Type            ENTRY
Input Data      <<Empty>>
External        STAFF_DICT=<<Text File>> H:\SECULAR WORK\CSPro\LSCOP\Menu\staff.dat
External        COP_DICT_DICT=<<Empty>>
<File>          TMPFILE=
<File>          PFFFILE=
<File>          SR_PFFFILE=

Date            Oct 30, 2019
Start Time      22:02:35
End Time        22:02:37

CSPRO Process Summary

CSPRO Executor Normal End
--------------------------------------------------------------------------------
Application     H:\SECULAR WORK\CSPro\LSCOP\Menu\COPMenu.ent
Type            ENTRY
Input Data      <<Empty>>
External        STAFF_DICT=<<Text File>> H:\SECULAR WORK\CSPro\LSCOP\Menu\staff.dat
External        COP_DICT_DICT=<<Empty>>
<File>          TMPFILE=
<File>          PFFFILE=
<File>          SR_PFFFILE=

Date            Oct 30, 2019
Start Time      22:04:42
End Time        22:04:44

CSPRO Process Summary

CSPRO Executor Normal End
--------------------------------------------------------------------------------
Application     H:\SECULAR WORK\CSPro\LSCOP\Menu\COPMenu.ent
Type            ENTRY
Input Data      <<Empty>>
External        STAFF_DICT=<<Text File>> H:\SECULAR WORK\CSPro\LSCOP\Menu\staff.dat
External        COP_DICT_DICT=<<Empty>>
<File>          TMPFILE=
<File>          PFFFILE=
<File>          SR_PFFFILE=

Date            Oct 30, 2019
Start Time      22:20:30
End Time        22:20:32

CSPRO Process Summary

CSPRO Executor Normal End
--------------------------------------------------------------------------------
Application     H:\SECULAR WORK\CSPro\LSCOP\Menu\COPMenu.ent
Type            ENTRY
Input Data      <<Empty>>
External        STAFF_DICT=<<Text File>> H:\SECULAR WORK\CSPro\LSCOP\Menu\staff.dat
External        COP_DICT_DICT=<<Empty>>
<File>          TMPFILE=
<File>          PFFFILE=
<File>          SR_PFFFILE=

Date            Oct 30, 2019
Start Time      22:48:35
End Time        22:48:38

CSPRO Process Summary

CSPRO Executor Normal End
--------------------------------------------------------------------------------
Application     H:\SECULAR WORK\CSPro\LSCOP\Menu\COPMenu.ent
Type            ENTRY
Input Data      <<Empty>>
External        STAFF_DICT=<<Text File>> H:\SECULAR WORK\CSPro\LSCOP\Menu\staff.dat
External        COP_DICT_DICT=<<Empty>>
<File>          TMPFILE=
<File>          PFFFILE=
<File>          SR_PFFFILE=

Date            Oct 30, 2019
Start Time      23:06:27
End Time        23:06:29

CSPRO Process Summary

CSPRO Executor Normal End
--------------------------------------------------------------------------------
Application     H:\SECULAR WORK\CSPro\LSCOP\Menu\COPMenu.ent
Type            ENTRY
Input Data      <<Empty>>
External        STAFF_DICT=<<Text File>> H:\SECULAR WORK\CSPro\LSCOP\Menu\staff.dat
External        COP_DICT_DICT=<<Empty>>
<File>          TMPFILE=
<File>          PFFFILE=
<File>          SR_PFFFILE=

Date            Oct 30, 2019
Start Time      23:16:12
End Time        23:16:14

CSPRO Process Summary

CSPRO Executor Normal End
--------------------------------------------------------------------------------
Application     H:\SECULAR WORK\CSPro\LSCOP\Menu\COPMenu.ent
Type            ENTRY
Input Data      <<Empty>>
External        STAFF_DICT=<<Text File>> H:\SECULAR WORK\CSPro\LSCOP\Menu\staff.dat
External        COP_DICT_DICT=<<Empty>>
<File>          TMPFILE=
<File>          PFFFILE=
<File>          SR_PFFFILE=

Date            Oct 31, 2019
Start Time      00:20:48
End Time        00:20:50

CSPRO Process Summary

CSPRO Executor Normal End
--------------------------------------------------------------------------------
Application     H:\SECULAR WORK\CSPro\LSCOP\Menu\COPMenu.ent
Type            ENTRY
Input Data      <<Empty>>
External        STAFF_DICT=<<Text File>> H:\SECULAR WORK\CSPro\LSCOP\Menu\staff.dat
External        COP_DICT_DICT=<<Empty>>
<File>          TMPFILE=
<File>          PFFFILE=
<File>          SR_PFFFILE=

Date            Oct 31, 2019
Start Time      01:40:05
End Time        01:40:07

CSPRO Process Summary

CSPRO Executor Normal End
--------------------------------------------------------------------------------
Application     H:\SECULAR WORK\CSPro\LSCOP\Menu\COPMenu.ent
Type            ENTRY
Input Data      <<Empty>>
External        STAFF_DICT=<<Text File>> H:\SECULAR WORK\CSPro\LSCOP\Menu\staff.dat
External        COP_DICT_DICT=<<Empty>>
<File>          TMPFILE=
<File>          PFFFILE=
<File>          SR_PFFFILE=

Date            Oct 31, 2019
Start Time      02:13:12
End Time        02:13:17

CSPRO Process Summary

CSPRO Executor Normal End
--------------------------------------------------------------------------------
Application     H:\SECULAR WORK\CSPro\LSCOP\Menu\COPMenu.ent
Type            ENTRY
Input Data      <<Empty>>
External        STAFF_DICT=<<Text File>> H:\SECULAR WORK\CSPro\LSCOP\Menu\staff.dat
External        COP_DICT_DICT=<<Empty>>
<File>          TMPFILE=
<File>          PFFFILE=
<File>          SR_PFFFILE=

Date            Oct 31, 2019
Start Time      02:15:15
End Time        02:15:18

CSPRO Process Summary

CSPRO Executor Normal End
--------------------------------------------------------------------------------
Application     H:\SECULAR WORK\CSPro\LSCOP\Menu\COPMenu.ent
Type            ENTRY
Input Data      <<Empty>>
External        STAFF_DICT=<<Text File>> H:\SECULAR WORK\CSPro\LSCOP\Menu\staff.dat
External        COP_DICT_DICT=<<Empty>>
<File>          TMPFILE=
<File>          PFFFILE=
<File>          SR_PFFFILE=

Date            Oct 31, 2019
Start Time      02:16:19
End Time        02:16:20

CSPRO Process Summary

CSPRO Executor Normal End
--------------------------------------------------------------------------------
Application     H:\SECULAR WORK\CSPro\LSCOP\Menu\COPMenu.ent
Type            ENTRY
Input Data      <<Empty>>
External        STAFF_DICT=<<Text File>> H:\SECULAR WORK\CSPro\LSCOP\Menu\staff.dat
External        COP_DICT_DICT=<<Empty>>
<File>          TMPFILE=
<File>          PFFFILE=
<File>          SR_PFFFILE=

Date            Oct 31, 2019
Start Time      02:28:06
End Time        02:28:08

CSPRO Process Summary

CSPRO Executor Normal End
--------------------------------------------------------------------------------
Application     H:\SECULAR WORK\CSPro\LSCOP\Menu\COPMenu.ent
Type            ENTRY
Input Data      <<Empty>>
External        STAFF_DICT=<<Text File>> H:\SECULAR WORK\CSPro\LSCOP\Menu\staff.dat
External        COP_DICT_DICT=<<Empty>>
<File>          TMPFILE=
<File>          PFFFILE=
<File>          SR_PFFFILE=

Date            Oct 31, 2019
Start Time      06:52:08
End Time        06:52:10

CSPRO Process Summary

CSPRO Executor Normal End
--------------------------------------------------------------------------------
Application     H:\SECULAR WORK\CSPro\LSCOP\Menu\COPMenu.ent
Type            ENTRY
Input Data      <<Empty>>
External        STAFF_DICT=<<Text File>> H:\SECULAR WORK\CSPro\LSCOP\Menu\staff.dat
External        COP_DICT_DICT=<<Empty>>
<File>          TMPFILE=
<File>          PFFFILE=
<File>          SR_PFFFILE=

Date            Oct 31, 2019
Start Time      06:52:29
End Time        06:52:33

CSPRO Process Summary

CSPRO Executor Normal End
--------------------------------------------------------------------------------
Application     H:\SECULAR WORK\CSPro\LSCOP\Menu\COPMenu.ent
Type            ENTRY
Input Data      <<Empty>>
External        STAFF_DICT=<<Text File>> H:\SECULAR WORK\CSPro\LSCOP\Menu\staff.dat
External        COP_DICT_DICT=<<Empty>>
<File>          TMPFILE=
<File>          PFFFILE=
<File>          SR_PFFFILE=

Date            Oct 31, 2019
Start Time      09:30:05
End Time        09:30:06

CSPRO Process Summary

CSPRO Executor Normal End
--------------------------------------------------------------------------------
Application     H:\SECULAR WORK\CSPro\LSCOP\Menu\COPMenu.ent
Type            ENTRY
Input Data      <<Empty>>
External        STAFF_DICT=<<Text File>> H:\SECULAR WORK\CSPro\LSCOP\Menu\staff.dat
External        COP_DICT_DICT=<<Empty>>
<File>          TMPFILE=
<File>          PFFFILE=
<File>          SR_PFFFILE=

Date            Oct 31, 2019
Start Time      12:13:14
End Time        12:13:16

CSPRO Process Summary

CSPRO Executor Normal End
--------------------------------------------------------------------------------
Application     H:\SECULAR WORK\CSPro\LSCOP\Menu\COPMenu.ent
Type            ENTRY
Input Data      <<Empty>>
External        STAFF_DICT=<<Text File>> H:\SECULAR WORK\CSPro\LSCOP\Menu\staff.dat
External        COP_DICT_DICT=<<Empty>>
<File>          TMPFILE=
<File>          PFFFILE=
<File>          SR_PFFFILE=

Date            Nov  1, 2019
Start Time      00:57:28
End Time        00:57:32

CSPRO Process Summary

CSPRO Executor Normal End
--------------------------------------------------------------------------------
