Application     C:\LesothoCensus2016\Menu\COPMenu.ent
Type            ENTRY
Input Data      <<Text File>> C:\LesothoCensus2016\Menu\DATA.dat
External        STAFF_DICT=<<Text File>> C:\LesothoCensus2016\Menu\staff.dat
External        ASSIST_SUPERVISOR_REVIEW_DICT=<<Text File>> C:\LesothoCensus2016\Menu\dummy.dat
External        CROPSCOSTOFPRODUCTION_DICT=<<Text File>> C:\LesothoCensus2016\Menu\dummy1.dat
<File>          TMPFILE=
<File>          PFFFILE=
<File>          SR_PFFFILE=

Date            Oct 10, 2019
Start Time      18:48:07
End Time        18:48:10

CSPRO Process Summary

CSPRO Executor Normal End
--------------------------------------------------------------------------------
Application     C:\LesothoCensus2016\Menu\COPMenu.ent
Type            ENTRY
Input Data      <<Text File>> C:\LesothoCensus2016\Menu\DATA.dat
External        STAFF_DICT=<<Text File>> C:\LesothoCensus2016\Menu\staff.dat
External        ASSIST_SUPERVISOR_REVIEW_DICT=<<Text File>> C:\LesothoCensus2016\Menu\dummy.dat
External        CROPSCOSTOFPRODUCTION_DICT=<<Text File>> C:\LesothoCensus2016\Menu\dummy1.dat
<File>          TMPFILE=
<File>          PFFFILE=
<File>          SR_PFFFILE=

Date            Oct 10, 2019
Start Time      18:50:58
End Time        18:51:00

CSPRO Process Summary

CSPRO Executor Normal End
--------------------------------------------------------------------------------
Application     C:\LesothoCensus2016\Menu\COPMenu.ent
Type            ENTRY
Input Data      <<Text File>> C:\LesothoCensus2016\Menu\DATA.dat
External        STAFF_DICT=<<Text File>> C:\LesothoCensus2016\Menu\staff.dat
External        ASSIST_SUPERVISOR_REVIEW_DICT=<<Text File>> C:\LesothoCensus2016\Menu\dummy.dat
External        CROPSCOSTOFPRODUCTION_DICT=<<Text File>> C:\LesothoCensus2016\Menu\dummy1.dat
<File>          TMPFILE=
<File>          PFFFILE=
<File>          SR_PFFFILE=

Date            Oct 10, 2019
Start Time      19:04:26
End Time        19:04:28

CSPRO Process Summary

CSPRO Executor Normal End
--------------------------------------------------------------------------------
Application     C:\LesothoCensus2016\Menu\COPMenu.ent
Type            ENTRY
Input Data      <<Text File>> C:\LesothoCensus2016\Menu\DATA.dat
External        STAFF_DICT=<<Text File>> C:\LesothoCensus2016\Menu\staff.dat
External        ASSIST_SUPERVISOR_REVIEW_DICT=<<Text File>> C:\LesothoCensus2016\Menu\dummy.dat
External        CROPSCOSTOFPRODUCTION_DICT=<<Text File>> C:\LesothoCensus2016\Menu\dummy1.dat
<File>          TMPFILE=
<File>          PFFFILE=
<File>          SR_PFFFILE=

Date            Oct 10, 2019
Start Time      19:06:22
End Time        19:06:25

CSPRO Process Summary

CSPRO Executor Normal End
--------------------------------------------------------------------------------
Application     C:\LesothoCensus2016\Menu\COPMenu.ent
Type            ENTRY
Input Data      <<Text File>> C:\LesothoCensus2016\Menu\DATA.dat
External        STAFF_DICT=<<Text File>> C:\LesothoCensus2016\Menu\staff.dat
External        ASSIST_SUPERVISOR_REVIEW_DICT=<<Text File>> C:\LesothoCensus2016\Menu\dummy.dat
External        CROPSCOSTOFPRODUCTION_DICT=<<Text File>> C:\LesothoCensus2016\Menu\dummy1.dat
<File>          TMPFILE=
<File>          PFFFILE=
<File>          SR_PFFFILE=

Date            Oct 10, 2019
Start Time      19:09:37
End Time        19:09:39

CSPRO Process Summary

CSPRO Executor Normal End
--------------------------------------------------------------------------------
Application     C:\CropsCostOfProduction2020\Menu\COPMenu.ent
Type            ENTRY
Input Data      <<Text File>> C:\CropsCostOfProduction2020\Menu\DATA.dat
External        STAFF_DICT=<<Text File>> C:\CropsCostOfProduction2020\Menu\staff.dat
External        ASSIST_SUPERVISOR_REVIEW_DICT=<<Text File>> C:\CropsCostOfProduction2020\Menu\dummy.dat
External        CROPSCOSTOFPRODUCTION_DICT=<<Text File>> C:\CropsCostOfProduction2020\Menu\dummy1.dat
<File>          TMPFILE=
<File>          PFFFILE=
<File>          SR_PFFFILE=

Date            Oct 10, 2019
Start Time      19:11:23
End Time        19:11:27

CSPRO Process Summary

CSPRO Executor Normal End
--------------------------------------------------------------------------------
Application     C:\CropsCostOfProduction2020\Menu\COPMenu.ent
Type            ENTRY
Input Data      <<Text File>> C:\CropsCostOfProduction2020\Menu\DATA.dat
External        STAFF_DICT=<<Text File>> C:\CropsCostOfProduction2020\Menu\staff.dat
External        ASSIST_SUPERVISOR_REVIEW_DICT=<<Text File>> C:\CropsCostOfProduction2020\Menu\dummy.dat
External        CROPSCOSTOFPRODUCTION_DICT=<<Text File>> C:\CropsCostOfProduction2020\Menu\dummy1.dat
<File>          TMPFILE=
<File>          PFFFILE=
<File>          SR_PFFFILE=

Date            Oct 10, 2019
Start Time      19:17:33
End Time        19:17:35

CSPRO Process Summary

CSPRO Executor Normal End
--------------------------------------------------------------------------------
Application     C:\CropsCostOfProduction2020\Menu\COPMenu.ent
Type            ENTRY
Input Data      <<Text File>> C:\CropsCostOfProduction2020\Menu\DATA.dat
External        STAFF_DICT=<<Text File>> C:\CropsCostOfProduction2020\Menu\staff.dat
External        ASSIST_SUPERVISOR_REVIEW_DICT=<<Text File>> C:\CropsCostOfProduction2020\Menu\dummy.dat
External        CROPSCOSTOFPRODUCTION_DICT=<<Text File>> C:\CropsCostOfProduction2020\Menu\dummy1.dat
<File>          TMPFILE=
<File>          PFFFILE=
<File>          SR_PFFFILE=

Date            Oct 10, 2019
Start Time      19:23:41
End Time        19:24:03

CSPRO Process Summary

CSPRO Executor Normal End
--------------------------------------------------------------------------------
Application     C:\CropsCostOfProduction2020\Menu\COPMenu.ent
Type            ENTRY
Input Data      <<Text File>> C:\CropsCostOfProduction2020\Menu\DATA.dat
External        STAFF_DICT=<<Text File>> C:\CropsCostOfProduction2020\Menu\staff.dat
External        ASSIST_SUPERVISOR_REVIEW_DICT=<<Text File>> C:\CropsCostOfProduction2020\Menu\dummy.dat
External        CROPSCOSTOFPRODUCTION_DICT=<<Text File>> C:\CropsCostOfProduction2020\Menu\dummy1.dat
<File>          TMPFILE=
<File>          PFFFILE=
<File>          SR_PFFFILE=

Date            Oct 10, 2019
Start Time      19:26:13
End Time        19:26:15

CSPRO Process Summary

CSPRO Executor Normal End
--------------------------------------------------------------------------------
Application     C:\CropsCostOfProduction2020\Menu\COPMenu.ent
Type            ENTRY
Input Data      <<Text File>> C:\CropsCostOfProduction2020\Menu\DATA.dat
External        STAFF_DICT=<<Text File>> C:\CropsCostOfProduction2020\Menu\staff.dat
External        ASSIST_SUPERVISOR_REVIEW_DICT=<<Text File>> C:\CropsCostOfProduction2020\Menu\dummy.dat
External        CROPSCOSTOFPRODUCTION_DICT=<<Text File>> C:\CropsCostOfProduction2020\Menu\dummy1.dat
<File>          TMPFILE=
<File>          PFFFILE=
<File>          SR_PFFFILE=

Date            Oct 10, 2019
Start Time      19:32:56
End Time        19:32:58

CSPRO Process Summary

CSPRO Executor Normal End
--------------------------------------------------------------------------------
Application     C:\CropsCostOfProduction2020\Menu\COPMenu.ent
Type            ENTRY
Input Data      <<Text File>> C:\CropsCostOfProduction2020\Menu\DATA.dat
External        STAFF_DICT=<<Text File>> C:\CropsCostOfProduction2020\Menu\staff.dat
External        ASSIST_SUPERVISOR_REVIEW_DICT=<<Text File>> C:\CropsCostOfProduction2020\Menu\dummy.dat
External        CROPSCOSTOFPRODUCTION_DICT=<<Text File>> C:\CropsCostOfProduction2020\Menu\dummy1.dat
<File>          TMPFILE=
<File>          PFFFILE=
<File>          SR_PFFFILE=

Date            Oct 10, 2019
Start Time      19:53:13
End Time        19:53:16

CSPRO Process Summary

CSPRO Executor Normal End
--------------------------------------------------------------------------------
Application     C:\CropsCostOfProduction2020\Menu\COPMenu.ent
Type            ENTRY
Input Data      <<Text File>> C:\CropsCostOfProduction2020\Menu\DATA.dat
External        STAFF_DICT=<<Text File>> C:\CropsCostOfProduction2020\Menu\staff.dat
External        ASSIST_SUPERVISOR_REVIEW_DICT=<<Text File>> C:\CropsCostOfProduction2020\Menu\dummy.dat
External        CROPSCOSTOFPRODUCTION_DICT=<<Text File>> C:\CropsCostOfProduction2020\Menu\dummy1.dat
<File>          TMPFILE=
<File>          PFFFILE=
<File>          SR_PFFFILE=

Date            Oct 10, 2019
Start Time      19:56:59
End Time        19:57:01

CSPRO Process Summary

CSPRO Executor Normal End
--------------------------------------------------------------------------------
Application     C:\CropsCostOfProduction2020\Menu\COPMenu.ent
Type            ENTRY
Input Data      <<Text File>> C:\CropsCostOfProduction2020\Menu\DATA.dat
External        STAFF_DICT=<<Text File>> C:\CropsCostOfProduction2020\Menu\staff.dat
External        ASSIST_SUPERVISOR_REVIEW_DICT=<<Text File>> C:\CropsCostOfProduction2020\Menu\dummy.dat
External        CROPSCOSTOFPRODUCTION_DICT=<<Text File>> C:\CropsCostOfProduction2020\Menu\dummy1.dat
<File>          TMPFILE=
<File>          PFFFILE=
<File>          SR_PFFFILE=

Date            Oct 10, 2019
Start Time      20:08:00
End Time        20:08:02

CSPRO Process Summary

CSPRO Executor Normal End
--------------------------------------------------------------------------------
Application     C:\CropsCostOfProduction2020\Menu\COPMenu.ent
Type            ENTRY
Input Data      <<Text File>> C:\CropsCostOfProduction2020\Menu\DATA.dat
External        STAFF_DICT=<<Text File>> C:\CropsCostOfProduction2020\Menu\staff.dat
External        ASSIST_SUPERVISOR_REVIEW_DICT=<<Text File>> C:\CropsCostOfProduction2020\Menu\dummy.dat
External        CROPSCOSTOFPRODUCTION_DICT=<<Text File>> C:\CropsCostOfProduction2020\Menu\dummy1.dat
<File>          TMPFILE=
<File>          PFFFILE=
<File>          SR_PFFFILE=

Date            Oct 10, 2019
Start Time      20:18:40
End Time        20:18:44

CSPRO Process Summary

CSPRO Executor Normal End
--------------------------------------------------------------------------------
Application     C:\CropsCostOfProduction2020\Menu\COPMenu.ent
Type            ENTRY
Input Data      <<Text File>> C:\CropsCostOfProduction2020\Menu\DATA.dat
External        STAFF_DICT=<<Text File>> C:\CropsCostOfProduction2020\Menu\staff.dat
External        ASSIST_SUPERVISOR_REVIEW_DICT=<<Text File>> C:\CropsCostOfProduction2020\Menu\dummy.dat
External        CROPSCOSTOFPRODUCTION_DICT=<<Text File>> C:\CropsCostOfProduction2020\Menu\dummy1.dat
<File>          TMPFILE=
<File>          PFFFILE=
<File>          SR_PFFFILE=

Date            Oct 10, 2019
Start Time      20:53:49
End Time        20:53:51

CSPRO Process Summary

CSPRO Executor Normal End
--------------------------------------------------------------------------------
Application     C:\CropsCostOfProduction2020\Menu\COPMenu.ent
Type            ENTRY
Input Data      <<Text File>> C:\CropsCostOfProduction2020\Menu\DATA.dat
External        STAFF_DICT=<<Text File>> C:\CropsCostOfProduction2020\Menu\staff.dat
External        ASSIST_SUPERVISOR_REVIEW_DICT=<<Text File>> C:\CropsCostOfProduction2020\Menu\dummy.dat
External        CROPSCOSTOFPRODUCTION_DICT=<<Text File>> C:\CropsCostOfProduction2020\Menu\dummy1.dat
<File>          TMPFILE=
<File>          PFFFILE=
<File>          SR_PFFFILE=

Date            Oct 14, 2019
Start Time      04:27:39
End Time        04:27:43

CSPRO Process Summary

CSPRO Executor Normal End
--------------------------------------------------------------------------------
Application     C:\CropsCostOfProduction2020\Menu\COPMenu.ent
Type            ENTRY
Input Data      <<Text File>> C:\CropsCostOfProduction2020\Menu\DATA.dat
External        STAFF_DICT=<<Text File>> C:\CropsCostOfProduction2020\Menu\staff.dat
External        ASSIST_SUPERVISOR_REVIEW_DICT=<<Text File>> C:\CropsCostOfProduction2020\Menu\dummy.dat
External        CROPSCOSTOFPRODUCTION_DICT=<<Text File>> C:\CropsCostOfProduction2020\Menu\dummy1.dat
<File>          TMPFILE=
<File>          PFFFILE=
<File>          SR_PFFFILE=

Date            Oct 14, 2019
Start Time      04:42:02
End Time        04:42:05

CSPRO Process Summary

CSPRO Executor Normal End
--------------------------------------------------------------------------------
Application     C:\CropsCostOfProduction2020\Menu\COPMenu.ent
Type            ENTRY
Input Data      <<Text File>> C:\CropsCostOfProduction2020\Menu\DATA.dat
External        STAFF_DICT=<<Text File>> C:\CropsCostOfProduction2020\Menu\staff.dat
External        ASSIST_SUPERVISOR_REVIEW_DICT=<<Text File>> C:\CropsCostOfProduction2020\Menu\dummy.dat
External        CROPSCOSTOFPRODUCTION_DICT=<<Text File>> C:\CropsCostOfProduction2020\Menu\dummy1.dat
<File>          TMPFILE=
<File>          PFFFILE=
<File>          SR_PFFFILE=

Date            Oct 14, 2019
Start Time      04:48:46
End Time        04:48:49

CSPRO Process Summary

CSPRO Executor Normal End
--------------------------------------------------------------------------------
Application     C:\CropsCostOfProduction2020\Menu\COPMenu.ent
Type            ENTRY
Input Data      <<Text File>> C:\CropsCostOfProduction2020\Menu\DATA.dat
External        STAFF_DICT=<<Text File>> C:\CropsCostOfProduction2020\Menu\staff.dat
External        ASSIST_SUPERVISOR_REVIEW_DICT=<<Text File>> C:\CropsCostOfProduction2020\Menu\dummy.dat
External        CROPSCOSTOFPRODUCTION_DICT=<<Text File>> C:\CropsCostOfProduction2020\Menu\dummy1.dat
<File>          TMPFILE=
<File>          PFFFILE=
<File>          SR_PFFFILE=

Date            Oct 14, 2019
Start Time      04:48:55
End Time        04:49:57

CSPRO Process Summary

System messages:

 Number    Frequency   Message text
 ------    ---------   ------------
   1026            3   Id-variables not filled, please reenter          

User unnumbered messages:

   Line    Freq  Pct.  Message text                                        Denom
   ----    ----  ----  ------------                                        -----
     47       1    -   Are you sure you want to quit the program?              -

CSPRO Executor Normal End
--------------------------------------------------------------------------------
Application     C:\CropsCostOfProduction2020\Menu\COPMenu.ent
Type            ENTRY
Input Data      <<Text File>> C:\CropsCostOfProduction2020\Menu\DATA.dat
External        STAFF_DICT=<<Text File>> C:\CropsCostOfProduction2020\Menu\staff.dat
External        ASSIST_SUPERVISOR_REVIEW_DICT=<<Text File>> C:\CropsCostOfProduction2020\Menu\dummy.dat
External        CROPSCOSTOFPRODUCTION_DICT=<<Text File>> C:\CropsCostOfProduction2020\Menu\dummy1.dat
<File>          TMPFILE=
<File>          PFFFILE=
<File>          SR_PFFFILE=

Date            Oct 14, 2019
Start Time      05:03:27
End Time        05:04:49

CSPRO Process Summary

CSPRO Executor Normal End
--------------------------------------------------------------------------------
Application     C:\CropsCostOfProduction2020\Menu\COPMenu.ent
Type            ENTRY
Input Data      <<Text File>> C:\CropsCostOfProduction2020\Menu\DATA.dat
External        STAFF_DICT=<<Text File>> C:\CropsCostOfProduction2020\Menu\staff.dat
External        ASSIST_SUPERVISOR_REVIEW_DICT=<<Text File>> C:\CropsCostOfProduction2020\Menu\dummy.dat
External        CROPSCOSTOFPRODUCTION_DICT=<<Text File>> C:\CropsCostOfProduction2020\Menu\dummy1.dat
<File>          TMPFILE=
<File>          PFFFILE=
<File>          SR_PFFFILE=

Date            Oct 14, 2019
Start Time      05:11:35
End Time        05:11:38

CSPRO Process Summary

CSPRO Executor Normal End
--------------------------------------------------------------------------------
Application     C:\CropsCostOfProduction2020\Menu\COPMenu.ent
Type            ENTRY
Input Data      <<Text File>> C:\CropsCostOfProduction2020\Menu\DATA.dat
External        STAFF_DICT=<<Text File>> C:\CropsCostOfProduction2020\Menu\staff.dat
External        ASSIST_SUPERVISOR_REVIEW_DICT=<<Text File>> C:\CropsCostOfProduction2020\Menu\dummy.dat
External        CROPSCOSTOFPRODUCTION_DICT=<<Text File>> C:\CropsCostOfProduction2020\Menu\dummy1.dat
<File>          TMPFILE=
<File>          PFFFILE=
<File>          SR_PFFFILE=

Date            Oct 14, 2019
Start Time      05:18:31
End Time        05:18:34

CSPRO Process Summary

CSPRO Executor Normal End
--------------------------------------------------------------------------------
